<?xml version="1.0" encoding="UTF-8"?>
<!-- Generated by org.testng.reporters.JUnitReportReporter -->
<testsuite hostname="MVTL1064LT" name="sears.test.testGoogle" tests="1" failures="0" timestamp="13 May 2015 10:36:38 GMT" time="29.864" errors="0">
  <testcase name="testGmail" time="29.864" classname="sears.test.testGoogle"/>
</testsuite> <!-- sears.test.testGoogle -->
